[12:06:38.026][CONSTRUCT][CLIENT][INFO] Starting building internal Registries
[12:06:39.336][CONSTRUCT][CLIENT][INFO] The following mods have explicit CraftTweaker support:
'bloodmagic' at version '1.16.4-3.1.0-15'
'crafttweaker' at version '7.1.0.271'
'immersiveengineering' at version '1.16.5-4.2.4-134'
'immersivepetroleum' at version '3.2.0-3'
'jeitweaker' at version '1.0.1.15'
[12:06:39.584][CONSTRUCT][CLIENT][INFO] Completed building internal Registries
[12:06:45.456][COMMON_SETUP][CLIENT][INFO] Started loading Scripts for Loader 'setupCommon'!
[12:06:45.832][COMMON_SETUP][CLIENT][INFO] Finished loading Scripts!
[12:07:08.868][DONE][CLIENT][INFO] Started loading Scripts for Loader 'crafttweaker'!
[12:07:08.916][DONE][CLIENT][INFO] Loading file: core.zs
[12:07:08.928][DONE][CLIENT][INFO] Hello world!
[12:07:08.928][DONE][CLIENT][INFO] Finished loading Scripts!
[12:07:08.929][DONE][CLIENT][INFO] This reload was made possible by Genryu and more! Become a patron at https://patreon.com/jaredlll08?s=crtmod
[12:07:12.353][DONE][CLIENT][INFO] Started loading Scripts for Loader 'crafttweaker'!
[12:07:12.378][DONE][CLIENT][INFO] Loading file: core.zs
[12:07:12.384][DONE][CLIENT][INFO] Hello world!
[12:07:12.385][DONE][CLIENT][INFO] Finished loading Scripts!
[12:07:12.385][DONE][CLIENT][INFO] This reload was made possible by Belathus and more! Become a patron at https://patreon.com/jaredlll08?s=crtmod
[12:07:21.009][DONE][CLIENT][INFO] Started loading Scripts for Loader 'crafttweaker'!
[12:07:21.030][DONE][CLIENT][INFO] Loading file: core.zs
[12:07:21.037][DONE][CLIENT][INFO] Hello world!
[12:07:21.037][DONE][CLIENT][INFO] Finished loading Scripts!
